commit 1bf74dfed48ba4d336a69dbab6090c8e42ef9542
Author: Rachel Laub <rachellaub@mail.weber.edu>
Date:   Mon Dec 3 16:18:29 2018 +0000

    Final commit

commit c49e143be2937cfbb27b40b7a34f20af9e79bc2b
Author: Rachel Laub <rachellaub@mail.weber.edu>
Date:   Mon Dec 3 15:06:27 2018 +0000

    Final changes

commit 2bd448689b3a37d0f245a27b7762a3cc72649c30
Author: Rachel Laub <rachellaub@mail.weber.edu>
Date:   Mon Dec 3 15:00:38 2018 +0000

    Final changes

commit 1a1cd9294e34ff1f8f313d4cf067efc7d0f160f9
Author: Rachel Laub <rachellaub@mail.weber.edu>
Date:   Mon Dec 3 14:49:21 2018 +0000

    Initial Commit

commit a241410f7b04743d4349261ea54f6a033d4eaa83
Author: rachellaub <42742732+rachellaub@users.noreply.github.com>
Date:   Mon Dec 3 07:27:11 2018 -0700

    Initial commit
